CRITICAL - 2025-01-15 17:38:25 --> Error: Call to undefined method CodeIgniter\View\View::extends()
[Method: GET, Route: /]
in APPPATH\Views\Auth\login_frm.php on line 1.
 1 SYSTEMPATH\View\View.php(234): include()
 2 SYSTEMPATH\View\View.php(237): CodeIgniter\View\View->CodeIgniter\View\{closure}()
 3 SYSTEMPATH\Common.php(1171): CodeIgniter\View\View->render()
 4 APPPATH\Controllers\Auth.php(12): view()
 5 SYSTEMPATH\CodeIgniter.php(933): App\Controllers\Auth->index()
 6 SYSTEMPATH\CodeIgniter.php(509): CodeIgniter\CodeIgniter->runController()
 7 SYSTEMPATH\CodeIgniter.php(355): CodeIgniter\CodeIgniter->handleRequest()
 8 SYSTEMPATH\Boot.php(334): CodeIgniter\CodeIgniter->run()
 9 SYSTEMPATH\Boot.php(67): CodeIgniter\Boot::runCodeIgniter()
10 FCPATH\index.php(56): CodeIgniter\Boot::bootWeb()
CRITICAL - 2025-01-15 19:27:33 --> ErrorException: include(partials/top_bar.php): Failed to open stream: No such file or directory
[Method: GET, Route: teste]
in APPPATH\Views\layouts\layout_main.php on line 28.
 1 APPPATH\Views\layouts\layout_main.php(28): CodeIgniter\Debug\Exceptions->errorHandler()
 2 APPPATH\Views\layouts\layout_main.php(28): include()
 3 SYSTEMPATH\View\View.php(234): include('C:\\Program Files\\Ampps\\www\\cigburger_bo\\CiigBurger-Curso\\cigburger_bo\\app\\Views\\layouts\\layout_main.php')
 4 SYSTEMPATH\View\View.php(237): CodeIgniter\View\View->CodeIgniter\View\{closure}()
 5 SYSTEMPATH\View\View.php(250): CodeIgniter\View\View->render()
 6 SYSTEMPATH\Common.php(1171): CodeIgniter\View\View->render()
 7 APPPATH\Controllers\Auth.php(16): view()
 8 SYSTEMPATH\CodeIgniter.php(933): App\Controllers\Auth->teste()
 9 SYSTEMPATH\CodeIgniter.php(509): CodeIgniter\CodeIgniter->runController()
10 SYSTEMPATH\CodeIgniter.php(355): CodeIgniter\CodeIgniter->handleRequest()
11 SYSTEMPATH\Boot.php(334): CodeIgniter\CodeIgniter->run()
12 SYSTEMPATH\Boot.php(67): CodeIgniter\Boot::runCodeIgniter()
13 FCPATH\index.php(56): CodeIgniter\Boot::bootWeb()
CRITICAL - 2025-01-15 19:31:33 --> ErrorException: include(partials/top_bar.php): Failed to open stream: No such file or directory
[Method: GET, Route: teste]
in APPPATH\Views\layouts\layout_main.php on line 28.
 1 APPPATH\Views\layouts\layout_main.php(28): CodeIgniter\Debug\Exceptions->errorHandler()
 2 APPPATH\Views\layouts\layout_main.php(28): include()
 3 SYSTEMPATH\View\View.php(234): include('C:\\Program Files\\Ampps\\www\\cigburger_bo\\CiigBurger-Curso\\cigburger_bo\\app\\Views\\layouts\\layout_main.php')
 4 SYSTEMPATH\View\View.php(237): CodeIgniter\View\View->CodeIgniter\View\{closure}()
 5 SYSTEMPATH\View\View.php(250): CodeIgniter\View\View->render()
 6 SYSTEMPATH\Common.php(1171): CodeIgniter\View\View->render()
 7 APPPATH\Controllers\Auth.php(16): view()
 8 SYSTEMPATH\CodeIgniter.php(933): App\Controllers\Auth->teste()
 9 SYSTEMPATH\CodeIgniter.php(509): CodeIgniter\CodeIgniter->runController()
10 SYSTEMPATH\CodeIgniter.php(355): CodeIgniter\CodeIgniter->handleRequest()
11 SYSTEMPATH\Boot.php(334): CodeIgniter\CodeIgniter->run()
12 SYSTEMPATH\Boot.php(67): CodeIgniter\Boot::runCodeIgniter()
13 FCPATH\index.php(56): CodeIgniter\Boot::bootWeb()
